db level locking enabled: 1
mongod --help for help and startup options
Thu Apr 24 20:53:03 
Thu Apr 24 20:53:03 warning: 32-bit servers don't have journaling enabled by default. Please use --journal if you want durability.
Thu Apr 24 20:53:03 
Thu Apr 24 20:53:03 [initandlisten] MongoDB starting : pid=2727 port=27017 dbpath=/data/db/ 32-bit host=raspberrypi
Thu Apr 24 20:53:03 [initandlisten] 
Thu Apr 24 20:53:03 [initandlisten] ** NOTE: This is a development version (2.1.1-pre-) of MongoDB.
Thu Apr 24 20:53:03 [initandlisten] **       Not recommended for production.
Thu Apr 24 20:53:03 [initandlisten] 
Thu Apr 24 20:53:03 [initandlisten] ** NOTE: when using MongoDB 32 bit, you are limited to about 2 gigabytes of data
Thu Apr 24 20:53:03 [initandlisten] **       see http://blog.mongodb.org/post/137788967/32-bit-limitations
Thu Apr 24 20:53:03 [initandlisten] **       with --journal, the limit is lower
Thu Apr 24 20:53:03 [initandlisten] 
Thu Apr 24 20:53:03 [initandlisten] db version v2.1.1-pre-, pdfile version 4.5
Thu Apr 24 20:53:03 [initandlisten] git version: 47fbbdceb21fc2b791d22db7f01792500647daa9
Thu Apr 24 20:53:03 [initandlisten] build info: Linux raspberrypi 3.10.19+ #600 PREEMPT Sat Nov 16 20:34:43 GMT 2013 armv6l BOOST_LIB_VERSION=1_49
Thu Apr 24 20:53:03 [initandlisten] options: {}
Thu Apr 24 20:53:03 [initandlisten] waiting for connections on port 27017
Thu Apr 24 20:53:03 [websvr] admin web console waiting for connections on port 28017
connect.multipart() will be removed in connect 3.0
visit https://github.com/senchalabs/connect/wiki/Connect-3.0 for alternatives
connect.limit() will be removed in connect 3.0
Express server listening on port 8888
Thu Apr 24 20:53:13 [initandlisten] connection accepted from 127.0.0.1:40854 #1 (1 connection now open)
Thu Apr 24 20:53:13 [initandlisten] connection accepted from 127.0.0.1:40855 #2 (2 connections now open)
Thu Apr 24 20:53:13 [initandlisten] connection accepted from 127.0.0.1:40856 #3 (3 connections now open)
Thu Apr 24 20:53:13 [initandlisten] connection accepted from 127.0.0.1:40857 #4 (4 connections now open)
Thu Apr 24 20:53:13 [initandlisten] connection accepted from 127.0.0.1:40858 #5 (5 connections now open)
Thu Apr 24 20:53:13 [initandlisten] connection accepted from 127.0.0.1:40859 #6 (6 connections now open)
Thu Apr 24 20:53:13 [initandlisten] connection accepted from 127.0.0.1:40860 #7 (7 connections now open)
Thu Apr 24 20:53:13 [initandlisten] connection accepted from 127.0.0.1:40861 #8 (8 connections now open)
Thu Apr 24 20:53:13 [initandlisten] connection accepted from 127.0.0.1:40862 #9 (9 connections now open)
Thu Apr 24 20:53:13 [initandlisten] connection accepted from 127.0.0.1:40863 #10 (10 connections now open)
[90mGET /reports [36m304 [90m4927ms[0m
[90mGET / [36m304 [90m127ms[0m
[90mGET /partials/footer.jade [36m304 [90m1583ms[0m
[90mGET /partials/header.jade [36m304 [90m1613ms[0m
[90mGET /partials/index [36m304 [90m1598ms[0m
[90mGET /partials/footer.jade [36m304 [90m2122ms[0m
[90mGET /partials/header.jade [36m304 [90m2134ms[0m
[90mGET /partials/reports/reports [36m304 [90m2129ms[0m
[90mGET /partials/posts/posts [36m304 [90m603ms[0m
[90mGET /reports/reports [32m200 [90m138ms - 14b[0m
Thu Apr 24 20:53:23 [initandlisten] connection accepted from 127.0.0.1:40864 #11 (11 connections now open)
[90mGET /posts/posts [32m200 [90m295ms - 509b[0m
[90mGET /partials/schedules/schedules [36m304 [90m129ms[0m
[90mGET /partials/reports/reports [36m304 [90m46ms[0m
[90mGET /reports/reports [36m304 [90m48ms[0m
[90mGET /partials/stopwatch/stopwatch [36m304 [90m644ms[0m
[90mGET /partials/hundredBeers/hundredBeers [36m304 [90m958ms[0m
[90mGET /hundredBeers/status [32m200 [90m35ms - 13b[0m
[90mGET /posts [36m304 [90m27ms[0m
[90mGET /partials/footer.jade [36m304 [90m67ms[0m
[90mGET /partials/header.jade [36m304 [90m79ms[0m
[90mGET /partials/posts/posts [36m304 [90m70ms[0m
[90mGET /posts/posts [36m304 [90m48ms[0m
[90mGET / [36m304 [90m26ms[0m
[90mGET /partials/footer.jade [36m304 [90m65ms[0m
[90mGET /partials/header.jade [36m304 [90m77ms[0m
[90mGET /partials/index [36m304 [90m64ms[0m
[90mGET /partials/posts/posts [36m304 [90m24ms[0m
[90mGET /posts/posts [36m304 [90m34ms[0m
[90mGET /partials/schedules/schedules [36m304 [90m26ms[0m
[90mGET /partials/reports/reports [36m304 [90m26ms[0m
[90mGET /reports/reports [36m304 [90m36ms[0m
[90mGET /partials/stopwatch/stopwatch [36m304 [90m30ms[0m
[90mGET /partials/hundredBeers/hundredBeers [36m304 [90m33ms[0m
[90mGET /hundredBeers/status [36m304 [90m36ms[0m
[90mGET /reports/reports [36m304 [90m32ms[0m
[90mGET / [36m304 [90m26ms[0m
[90mGET /partials/footer.jade [36m304 [90m58ms[0m
[90mGET /partials/header.jade [36m304 [90m76ms[0m
[90mGET /partials/index [36m304 [90m64ms[0m
[90mGET /partials/posts/posts [36m304 [90m24ms[0m
[90mGET /posts/posts [36m304 [90m44ms[0m
[90mGET /reports [36m304 [90m35ms[0m
[90mGET /partials/schedules/schedules [36m304 [90m44ms[0m
[90mGET /partials/footer.jade [36m304 [90m54ms[0m
[90mGET /partials/header.jade [36m304 [90m70ms[0m
[90mGET /partials/reports/reports [36m304 [90m60ms[0m
[90mGET /reports/reports [36m304 [90m28ms[0m
[90mGET /partials/reports/reports [36m304 [90m23ms[0m
[90mGET /reports/reports [36m304 [90m28ms[0m
[90mGET /partials/stopwatch/stopwatch [36m304 [90m24ms[0m
[90mGET /partials/hundredBeers/hundredBeers [36m304 [90m25ms[0m
[90mGET /hundredBeers/status [36m304 [90m31ms[0m
Thu Apr 24 20:54:03 [clientcursormon] mem (MB) res:33 virt:126 mapped:32
